  source.c
c:\users\elijah\desktop\cpts 121\cpts 121 project assignments\andrushenko_pa7\andrushenko_pa7\source.c(46): warning C4996: 'scanf': This function or variable may be unsafe. Consider using scanf_s instead. To disable deprecation, use _CRT_SECURE_NO_WARNINGS. See online help for details.
  c:\program files (x86)\windows kits\10\include\10.0.10240.0\ucrt\stdio.h(1270): note: see declaration of 'scanf'
c:\users\elijah\desktop\cpts 121\cpts 121 project assignments\andrushenko_pa7\andrushenko_pa7\source.c(64): warning C4996: 'scanf': This function or variable may be unsafe. Consider using scanf_s instead. To disable deprecation, use _CRT_SECURE_NO_WARNINGS. See online help for details.
  c:\program files (x86)\windows kits\10\include\10.0.10240.0\ucrt\stdio.h(1270): note: see declaration of 'scanf'
c:\users\elijah\desktop\cpts 121\cpts 121 project assignments\andrushenko_pa7\andrushenko_pa7\source.c(100): warning C4996: 'scanf': This function or variable may be unsafe. Consider using scanf_s instead. To disable deprecation, use _CRT_SECURE_NO_WARNINGS. See online help for details.
  c:\program files (x86)\windows kits\10\include\10.0.10240.0\ucrt\stdio.h(1270): note: see declaration of 'scanf'
c:\users\elijah\desktop\cpts 121\cpts 121 project assignments\andrushenko_pa7\andrushenko_pa7\source.c(131): warning C4244: '=': conversion from 'double' to 'int', possible loss of data
c:\users\elijah\desktop\cpts 121\cpts 121 project assignments\andrushenko_pa7\andrushenko_pa7\source.c(135): warning C4996: 'scanf': This function or variable may be unsafe. Consider using scanf_s instead. To disable deprecation, use _CRT_SECURE_NO_WARNINGS. See online help for details.
  c:\program files (x86)\windows kits\10\include\10.0.10240.0\ucrt\stdio.h(1270): note: see declaration of 'scanf'
c:\users\elijah\desktop\cpts 121\cpts 121 project assignments\andrushenko_pa7\andrushenko_pa7\source.c(137): warning C4996: 'scanf': This function or variable may be unsafe. Consider using scanf_s instead. To disable deprecation, use _CRT_SECURE_NO_WARNINGS. See online help for details.
  c:\program files (x86)\windows kits\10\include\10.0.10240.0\ucrt\stdio.h(1270): note: see declaration of 'scanf'
c:\users\elijah\desktop\cpts 121\cpts 121 project assignments\andrushenko_pa7\andrushenko_pa7\source.c(195): warning C4244: '=': conversion from 'double' to 'int', possible loss of data
c:\users\elijah\desktop\cpts 121\cpts 121 project assignments\andrushenko_pa7\andrushenko_pa7\source.c(178): warning C4996: 'scanf': This function or variable may be unsafe. Consider using scanf_s instead. To disable deprecation, use _CRT_SECURE_NO_WARNINGS. See online help for details.
  c:\program files (x86)\windows kits\10\include\10.0.10240.0\ucrt\stdio.h(1270): note: see declaration of 'scanf'
c:\users\elijah\desktop\cpts 121\cpts 121 project assignments\andrushenko_pa7\andrushenko_pa7\source.c(199): warning C4996: 'scanf': This function or variable may be unsafe. Consider using scanf_s instead. To disable deprecation, use _CRT_SECURE_NO_WARNINGS. See online help for details.
  c:\program files (x86)\windows kits\10\include\10.0.10240.0\ucrt\stdio.h(1270): note: see declaration of 'scanf'
c:\users\elijah\desktop\cpts 121\cpts 121 project assignments\andrushenko_pa7\andrushenko_pa7\source.c(201): warning C4996: 'scanf': This function or variable may be unsafe. Consider using scanf_s instead. To disable deprecation, use _CRT_SECURE_NO_WARNINGS. See online help for details.
  c:\program files (x86)\windows kits\10\include\10.0.10240.0\ucrt\stdio.h(1270): note: see declaration of 'scanf'
c:\users\elijah\desktop\cpts 121\cpts 121 project assignments\andrushenko_pa7\andrushenko_pa7\source.c(238): warning C4244: '=': conversion from 'double' to 'int', possible loss of data
c:\users\elijah\desktop\cpts 121\cpts 121 project assignments\andrushenko_pa7\andrushenko_pa7\source.c(242): warning C4996: 'scanf': This function or variable may be unsafe. Consider using scanf_s instead. To disable deprecation, use _CRT_SECURE_NO_WARNINGS. See online help for details.
  c:\program files (x86)\windows kits\10\include\10.0.10240.0\ucrt\stdio.h(1270): note: see declaration of 'scanf'
c:\users\elijah\desktop\cpts 121\cpts 121 project assignments\andrushenko_pa7\andrushenko_pa7\source.c(244): warning C4996: 'scanf': This function or variable may be unsafe. Consider using scanf_s instead. To disable deprecation, use _CRT_SECURE_NO_WARNINGS. See online help for details.
  c:\program files (x86)\windows kits\10\include\10.0.10240.0\ucrt\stdio.h(1270): note: see declaration of 'scanf'
c:\users\elijah\desktop\cpts 121\cpts 121 project assignments\andrushenko_pa7\andrushenko_pa7\source.c(281): warning C4996: 'scanf': This function or variable may be unsafe. Consider using scanf_s instead. To disable deprecation, use _CRT_SECURE_NO_WARNINGS. See online help for details.
  c:\program files (x86)\windows kits\10\include\10.0.10240.0\ucrt\stdio.h(1270): note: see declaration of 'scanf'
c:\users\elijah\desktop\cpts 121\cpts 121 project assignments\andrushenko_pa7\andrushenko_pa7\source.c(293): warning C4996: 'scanf': This function or variable may be unsafe. Consider using scanf_s instead. To disable deprecation, use _CRT_SECURE_NO_WARNINGS. See online help for details.
  c:\program files (x86)\windows kits\10\include\10.0.10240.0\ucrt\stdio.h(1270): note: see declaration of 'scanf'
c:\users\elijah\desktop\cpts 121\cpts 121 project assignments\andrushenko_pa7\andrushenko_pa7\source.c(304): warning C4996: 'scanf': This function or variable may be unsafe. Consider using scanf_s instead. To disable deprecation, use _CRT_SECURE_NO_WARNINGS. See online help for details.
  c:\program files (x86)\windows kits\10\include\10.0.10240.0\ucrt\stdio.h(1270): note: see declaration of 'scanf'
  main.c
c:\users\elijah\desktop\cpts 121\cpts 121 project assignments\andrushenko_pa7\andrushenko_pa7\main.c(85): warning C4996: 'scanf': This function or variable may be unsafe. Consider using scanf_s instead. To disable deprecation, use _CRT_SECURE_NO_WARNINGS. See online help for details.
  c:\program files (x86)\windows kits\10\include\10.0.10240.0\ucrt\stdio.h(1270): note: see declaration of 'scanf'
  Generating Code...
  Andrushenko_pa7.vcxproj -> C:\Users\Elijah\Desktop\CPTS 121\CPTS 121 Project Assignments\Andrushenko_PA7\Debug\Andrushenko_pa7.exe
